<?xml version="1.0" encoding="UTF-8"?>
<!-- Generated by org.testng.reporters.JUnitReportReporter -->
<testsuite hostname="DESKTOP-JE5EOFQ" failures="0" tests="1" name="Scripts.Testcase1" time="9.186" errors="0" timestamp="2023-05-15T08:45:06 IST" skipped="0">
  <testcase classname="Scripts.Testcase1" name="tc1" time="9.186"/>
  <system-out/>
</testsuite> <!-- Scripts.Testcase1 -->
