<?xml version="1.0" encoding="UTF-8"?>
<!-- Generated by org.testng.reporters.JUnitReportReporter -->
<testsuite hostname="DESKTOP-JE5EOFQ" failures="0" tests="1" name="Scripts.Testcase3" time="23.860" errors="0" timestamp="2023-05-16T06:52:41 IST" skipped="0">
  <testcase classname="Scripts.Testcase3" name="tc3" time="23.860"/>
  <system-out/>
</testsuite> <!-- Scripts.Testcase3 -->
